mode: set
github.com/skillhub/api/internal/crypto/crypto.go:11.38,13.40 2 1
github.com/skillhub/api/internal/crypto/crypto.go:13.40,15.3 1 0
github.com/skillhub/api/internal/crypto/crypto.go:16.2,16.57 1 1
github.com/skillhub/api/internal/crypto/crypto.go:20.37,23.2 2 1
github.com/skillhub/api/internal/crypto/crypto.go:26.30,30.2 3 1
github.com/skillhub/api/internal/skillformat/semver.go:12.46,14.16 2 1
github.com/skillhub/api/internal/skillformat/semver.go:14.16,16.3 1 1
github.com/skillhub/api/internal/skillformat/semver.go:17.2,18.16 2 1
github.com/skillhub/api/internal/skillformat/semver.go:18.16,20.3 1 1
github.com/skillhub/api/internal/skillformat/semver.go:22.2,22.20 1 1
github.com/skillhub/api/internal/skillformat/semver.go:22.20,23.20 1 1
github.com/skillhub/api/internal/skillformat/semver.go:23.20,25.4 1 1
github.com/skillhub/api/internal/skillformat/semver.go:26.3,26.17 1 1
github.com/skillhub/api/internal/skillformat/semver.go:28.2,28.20 1 1
github.com/skillhub/api/internal/skillformat/semver.go:28.20,29.20 1 1
github.com/skillhub/api/internal/skillformat/semver.go:29.20,31.4 1 1
github.com/skillhub/api/internal/skillformat/semver.go:32.3,32.17 1 1
github.com/skillhub/api/internal/skillformat/semver.go:34.2,34.20 1 1
github.com/skillhub/api/internal/skillformat/semver.go:34.20,35.20 1 1
github.com/skillhub/api/internal/skillformat/semver.go:35.20,37.4 1 1
github.com/skillhub/api/internal/skillformat/semver.go:38.3,38.17 1 1
github.com/skillhub/api/internal/skillformat/semver.go:40.2,40.15 1 1
github.com/skillhub/api/internal/skillformat/semver.go:43.44,45.21 2 1
github.com/skillhub/api/internal/skillformat/semver.go:45.21,47.3 1 1
github.com/skillhub/api/internal/skillformat/semver.go:48.2,49.26 2 1
github.com/skillhub/api/internal/skillformat/semver.go:49.26,51.17 2 1
github.com/skillhub/api/internal/skillformat/semver.go:51.17,53.4 1 1
github.com/skillhub/api/internal/skillformat/semver.go:54.3,54.16 1 1
github.com/skillhub/api/internal/skillformat/semver.go:56.2,56.20 1 1
github.com/skillhub/api/internal/skillformat/validate.go:16.70,18.40 2 1
github.com/skillhub/api/internal/skillformat/validate.go:18.40,20.3 1 1
github.com/skillhub/api/internal/skillformat/validate.go:22.2,23.20 2 1
github.com/skillhub/api/internal/skillformat/validate.go:23.20,25.3 1 1
github.com/skillhub/api/internal/skillformat/validate.go:27.2,28.61 2 1
github.com/skillhub/api/internal/skillformat/validate.go:28.61,30.3 1 1
github.com/skillhub/api/internal/skillformat/validate.go:32.2,33.22 2 1
github.com/skillhub/api/internal/skillformat/validate.go:37.50,38.19 1 1
github.com/skillhub/api/internal/skillformat/validate.go:38.19,40.3 1 1
github.com/skillhub/api/internal/skillformat/validate.go:41.2,41.39 1 1
github.com/skillhub/api/internal/skillformat/validate.go:41.39,43.3 1 1
github.com/skillhub/api/internal/skillformat/validate.go:44.2,44.22 1 1
github.com/skillhub/api/internal/skillformat/validate.go:44.22,46.3 1 1
github.com/skillhub/api/internal/skillformat/validate.go:47.2,47.44 1 1
github.com/skillhub/api/internal/skillformat/validate.go:47.44,49.3 1 1
github.com/skillhub/api/internal/skillformat/validate.go:50.2,50.24 1 1
github.com/skillhub/api/internal/skillformat/validate.go:50.24,52.3 1 1
github.com/skillhub/api/internal/skillformat/validate.go:53.2,53.26 1 1
github.com/skillhub/api/internal/skillformat/validate.go:53.26,55.3 1 1
github.com/skillhub/api/internal/skillformat/validate.go:56.2,56.23 1 1
github.com/skillhub/api/internal/skillformat/validate.go:56.23,58.3 1 1
github.com/skillhub/api/internal/skillformat/validate.go:60.2,60.75 1 1
github.com/skillhub/api/internal/skillformat/validate.go:60.75,62.3 1 1
github.com/skillhub/api/internal/skillformat/validate.go:64.2,64.12 1 1
github.com/skillhub/api/internal/middleware/auth.go:24.63,25.46 1 0
github.com/skillhub/api/internal/middleware/auth.go:25.46,26.72 1 0
github.com/skillhub/api/internal/middleware/auth.go:26.72,28.19 2 0
github.com/skillhub/api/internal/middleware/auth.go:28.19,31.5 2 0
github.com/skillhub/api/internal/middleware/auth.go:33.4,45.18 6 0
github.com/skillhub/api/internal/middleware/auth.go:45.18,48.5 2 0
github.com/skillhub/api/internal/middleware/auth.go:50.4,50.36 1 0
github.com/skillhub/api/internal/middleware/auth.go:50.36,53.5 2 0
github.com/skillhub/api/internal/middleware/auth.go:56.4,63.20 5 0
github.com/skillhub/api/internal/middleware/auth.go:63.20,65.22 2 0
github.com/skillhub/api/internal/middleware/auth.go:65.22,67.6 1 0
github.com/skillhub/api/internal/middleware/auth.go:68.5,68.22 1 0
github.com/skillhub/api/internal/middleware/auth.go:68.22,70.6 1 0
github.com/skillhub/api/internal/middleware/auth.go:73.4,73.41 1 0
github.com/skillhub/api/internal/middleware/auth.go:79.55,80.71 1 1
github.com/skillhub/api/internal/middleware/auth.go:80.71,82.13 2 1
github.com/skillhub/api/internal/middleware/auth.go:82.13,87.4 2 1
github.com/skillhub/api/internal/middleware/auth.go:88.3,88.23 1 1
github.com/skillhub/api/internal/middleware/auth.go:93.67,94.46 1 1
github.com/skillhub/api/internal/middleware/auth.go:94.46,95.72 1 1
github.com/skillhub/api/internal/middleware/auth.go:95.72,97.27 2 1
github.com/skillhub/api/internal/middleware/auth.go:97.27,100.5 2 1
github.com/skillhub/api/internal/middleware/auth.go:101.4,101.24 1 1
github.com/skillhub/api/internal/middleware/auth.go:106.49,108.40 2 1
github.com/skillhub/api/internal/middleware/auth.go:108.40,110.3 1 1
github.com/skillhub/api/internal/middleware/auth.go:111.2,111.11 1 0
github.com/skillhub/api/internal/middleware/auth.go:117.50,119.2 1 0
github.com/skillhub/api/internal/middleware/auth.go:122.54,124.2 1 0
github.com/skillhub/api/internal/middleware/auth.go:127.51,130.2 2 0
github.com/skillhub/api/internal/middleware/auth.go:133.44,136.2 2 0
github.com/skillhub/api/internal/privacy/cleaner.go:18.46,20.2 1 1
github.com/skillhub/api/internal/privacy/cleaner.go:94.73,103.43 4 1
github.com/skillhub/api/internal/privacy/cleaner.go:103.43,104.36 1 1
github.com/skillhub/api/internal/privacy/cleaner.go:104.36,107.91 2 1
github.com/skillhub/api/internal/privacy/cleaner.go:107.91,108.13 1 1
github.com/skillhub/api/internal/privacy/cleaner.go:111.4,112.24 2 1
github.com/skillhub/api/internal/privacy/cleaner.go:112.24,113.35 1 1
github.com/skillhub/api/internal/privacy/cleaner.go:113.35,120.6 1 1
github.com/skillhub/api/internal/privacy/cleaner.go:122.5,122.77 1 1
github.com/skillhub/api/internal/privacy/cleaner.go:127.2,130.24 3 1
github.com/skillhub/api/internal/privacy/cleaner.go:134.105,138.16 3 0
github.com/skillhub/api/internal/privacy/cleaner.go:138.16,140.3 1 0
github.com/skillhub/api/internal/privacy/cleaner.go:142.2,144.29 2 0
github.com/skillhub/api/internal/privacy/cleaner.go:144.29,148.17 2 0
github.com/skillhub/api/internal/privacy/cleaner.go:148.17,150.4 1 0
github.com/skillhub/api/internal/privacy/cleaner.go:153.2,153.20 1 0
github.com/skillhub/api/internal/privacy/cleaner.go:157.87,166.16 2 0
github.com/skillhub/api/internal/privacy/cleaner.go:166.16,168.3 1 0
github.com/skillhub/api/internal/privacy/cleaner.go:169.2,172.18 3 0
github.com/skillhub/api/internal/privacy/cleaner.go:172.18,178.30 5 0
github.com/skillhub/api/internal/privacy/cleaner.go:178.30,186.4 1 0
github.com/skillhub/api/internal/privacy/cleaner.go:189.2,189.21 1 0
github.com/skillhub/api/internal/privacy/cleaner.go:215.52,217.2 1 1
github.com/skillhub/api/internal/privacy/cleaner.go:219.44,220.22 1 1
github.com/skillhub/api/internal/privacy/cleaner.go:220.22,222.3 1 1
github.com/skillhub/api/internal/privacy/cleaner.go:223.2,223.27 1 1
github.com/skillhub/api/internal/helpers/http.go:9.66,13.2 3 1
github.com/skillhub/api/internal/helpers/http.go:16.85,22.18 2 1
github.com/skillhub/api/internal/helpers/http.go:22.18,24.3 1 1
github.com/skillhub/api/internal/helpers/http.go:25.2,25.28 1 1
github.com/skillhub/api/internal/helpers/http.go:29.53,31.2 1 1
github.com/skillhub/api/internal/db/db.go:19.58,21.17 2 1
github.com/skillhub/api/internal/db/db.go:21.17,23.3 1 1
github.com/skillhub/api/internal/db/db.go:25.2,26.16 2 1
github.com/skillhub/api/internal/db/db.go:26.16,28.3 1 1
github.com/skillhub/api/internal/db/db.go:30.2,36.16 6 1
github.com/skillhub/api/internal/db/db.go:36.16,38.3 1 0
github.com/skillhub/api/internal/db/db.go:40.2,40.39 1 1
github.com/skillhub/api/internal/db/db.go:40.39,43.3 2 1
github.com/skillhub/api/internal/db/db.go:45.2,45.18 1 0
github.com/skillhub/api/internal/db/db.go:49.67,53.53 3 0
github.com/skillhub/api/internal/db/db.go:53.53,55.3 1 0
github.com/skillhub/api/internal/db/db.go:57.2,57.51 1 0
github.com/skillhub/api/internal/db/db.go:57.51,59.3 1 0
github.com/skillhub/api/internal/db/db.go:61.2,65.16 3 0
github.com/skillhub/api/internal/db/db.go:65.16,67.3 1 0
github.com/skillhub/api/internal/db/db.go:68.2,69.16 2 0
github.com/skillhub/api/internal/db/db.go:69.16,71.3 1 0
github.com/skillhub/api/internal/db/db.go:72.2,74.12 2 0
github.com/skillhub/api/internal/db/db.go:78.61,80.16 2 0
github.com/skillhub/api/internal/db/db.go:80.16,81.25 1 0
github.com/skillhub/api/internal/db/db.go:81.25,84.4 2 0
github.com/skillhub/api/internal/db/db.go:85.3,85.46 1 0
github.com/skillhub/api/internal/db/db.go:88.2,89.16 2 0
github.com/skillhub/api/internal/db/db.go:89.16,91.3 1 0
github.com/skillhub/api/internal/db/db.go:93.2,94.12 2 0
github.com/skillhub/api/internal/db/db.go:98.44,100.2 1 0
github.com/skillhub/api/internal/llm/llm.go:25.26,31.48 2 1
github.com/skillhub/api/internal/llm/llm.go:31.48,36.3 4 1
github.com/skillhub/api/internal/llm/llm.go:36.8,36.61 1 1
github.com/skillhub/api/internal/llm/llm.go:36.61,40.22 4 1
github.com/skillhub/api/internal/llm/llm.go:40.22,42.4 1 1
github.com/skillhub/api/internal/llm/llm.go:43.3,44.20 2 1
github.com/skillhub/api/internal/llm/llm.go:44.20,46.4 1 1
github.com/skillhub/api/internal/llm/llm.go:47.8,47.58 1 1
github.com/skillhub/api/internal/llm/llm.go:47.58,51.22 4 1
github.com/skillhub/api/internal/llm/llm.go:51.22,53.4 1 1
github.com/skillhub/api/internal/llm/llm.go:54.3,55.20 2 1
github.com/skillhub/api/internal/llm/llm.go:55.20,57.4 1 1
github.com/skillhub/api/internal/llm/llm.go:60.2,60.10 1 1
github.com/skillhub/api/internal/llm/llm.go:64.38,66.2 1 1
github.com/skillhub/api/internal/llm/llm.go:69.79,70.23 1 1
github.com/skillhub/api/internal/llm/llm.go:70.23,72.3 1 1
github.com/skillhub/api/internal/llm/llm.go:74.2,74.31 1 1
github.com/skillhub/api/internal/llm/llm.go:74.31,76.3 1 1
github.com/skillhub/api/internal/llm/llm.go:77.2,77.38 1 1
github.com/skillhub/api/internal/llm/llm.go:80.88,93.16 7 1
github.com/skillhub/api/internal/llm/llm.go:93.16,95.3 1 1
github.com/skillhub/api/internal/llm/llm.go:96.2,99.28 3 1
github.com/skillhub/api/internal/llm/llm.go:99.28,101.3 1 1
github.com/skillhub/api/internal/llm/llm.go:103.2,109.30 3 1
github.com/skillhub/api/internal/llm/llm.go:109.30,111.3 1 0
github.com/skillhub/api/internal/llm/llm.go:113.2,113.49 1 1
github.com/skillhub/api/internal/llm/llm.go:116.85,129.16 7 1
github.com/skillhub/api/internal/llm/llm.go:129.16,131.3 1 0
github.com/skillhub/api/internal/llm/llm.go:132.2,135.28 3 1
github.com/skillhub/api/internal/llm/llm.go:135.28,137.3 1 1
github.com/skillhub/api/internal/llm/llm.go:139.2,147.30 3 1
github.com/skillhub/api/internal/llm/llm.go:147.30,149.3 1 0
github.com/skillhub/api/internal/llm/llm.go:151.2,151.60 1 1
github.com/skillhub/api/internal/llm/llm.go:155.38,158.47 2 1
github.com/skillhub/api/internal/llm/llm.go:158.47,159.53 1 1
github.com/skillhub/api/internal/llm/llm.go:159.53,161.4 1 1
github.com/skillhub/api/internal/llm/llm.go:163.2,163.13 1 1
github.com/skillhub/api/cmd/api/main.go:25.13,30.16 4 0
github.com/skillhub/api/cmd/api/main.go:30.16,32.3 1 0
github.com/skillhub/api/cmd/api/main.go:33.2,36.41 2 0
github.com/skillhub/api/cmd/api/main.go:36.41,38.53 2 0
github.com/skillhub/api/cmd/api/main.go:38.53,40.4 1 0
github.com/skillhub/api/cmd/api/main.go:44.2,44.38 1 0
github.com/skillhub/api/cmd/api/main.go:44.38,45.47 1 0
github.com/skillhub/api/cmd/api/main.go:45.47,47.4 1 0
github.com/skillhub/api/cmd/api/main.go:50.2,51.22 2 0
github.com/skillhub/api/cmd/api/main.go:51.22,53.3 1 0
github.com/skillhub/api/cmd/api/main.go:56.2,71.16 7 0
github.com/skillhub/api/cmd/api/main.go:71.16,73.3 1 0
github.com/skillhub/api/cmd/api/main.go:74.2,74.47 1 0
github.com/skillhub/api/cmd/api/main.go:74.47,76.3 1 0
github.com/skillhub/api/cmd/api/main.go:77.2,103.64 20 0
github.com/skillhub/api/cmd/api/main.go:103.64,106.3 2 0
github.com/skillhub/api/cmd/api/main.go:109.2,129.29 13 0
github.com/skillhub/api/cmd/api/main.go:129.29,151.30 16 0
github.com/skillhub/api/cmd/api/main.go:151.30,166.4 11 0
github.com/skillhub/api/cmd/api/main.go:170.2,170.29 1 0
github.com/skillhub/api/cmd/api/main.go:170.29,180.3 9 0
github.com/skillhub/api/cmd/api/main.go:183.2,188.16 4 0
github.com/skillhub/api/cmd/api/main.go:188.16,190.3 1 0
github.com/skillhub/api/cmd/api/main.go:191.2,193.57 3 0
github.com/skillhub/api/cmd/api/main.go:193.57,195.3 1 0
github.com/skillhub/api/cmd/api/main.go:200.51,203.21 3 0
github.com/skillhub/api/cmd/api/main.go:203.21,247.17 4 0
github.com/skillhub/api/cmd/api/main.go:247.17,249.4 1 0
github.com/skillhub/api/cmd/api/main.go:254.55,261.21 4 0
github.com/skillhub/api/cmd/api/main.go:261.21,265.17 4 0
github.com/skillhub/api/cmd/api/main.go:265.17,267.4 1 0
github.com/skillhub/api/internal/eval/review_eval.go:28.63,30.16 2 0
github.com/skillhub/api/internal/eval/review_eval.go:30.16,32.3 1 0
github.com/skillhub/api/internal/eval/review_eval.go:34.2,35.53 2 0
github.com/skillhub/api/internal/eval/review_eval.go:35.53,37.3 1 0
github.com/skillhub/api/internal/eval/review_eval.go:39.2,39.19 1 0
github.com/skillhub/api/internal/eval/review_eval.go:43.78,51.29 2 0
github.com/skillhub/api/internal/eval/review_eval.go:51.29,55.20 3 0
github.com/skillhub/api/internal/eval/review_eval.go:55.20,57.4 1 0
github.com/skillhub/api/internal/eval/review_eval.go:57.9,59.4 1 0
github.com/skillhub/api/internal/eval/review_eval.go:62.2,63.21 2 0
github.com/skillhub/api/internal/eval/review_eval.go:66.92,72.53 4 0
github.com/skillhub/api/internal/eval/review_eval.go:72.53,74.3 1 0
github.com/skillhub/api/internal/eval/review_eval.go:74.8,78.3 1 0
github.com/skillhub/api/internal/eval/review_eval.go:80.2,89.3 2 0
github.com/skillhub/api/internal/eval/review_eval.go:112.38,117.18 3 0
github.com/skillhub/api/internal/eval/review_eval.go:117.18,119.31 2 0
github.com/skillhub/api/internal/eval/review_eval.go:119.31,120.17 1 0
github.com/skillhub/api/internal/eval/review_eval.go:120.17,124.5 3 0
github.com/skillhub/api/internal/eval/review_eval.go:129.2,130.30 2 0
github.com/skillhub/api/internal/eval/review_eval.go:130.30,133.15 3 0
github.com/skillhub/api/internal/eval/review_eval.go:133.15,135.4 1 0
github.com/skillhub/api/internal/eval/review_eval.go:136.3,136.36 1 0
github.com/skillhub/api/internal/eval/review_eval.go:139.2,140.40 2 0
github.com/skillhub/api/internal/eval/review_eval.go:140.40,143.3 2 0
github.com/skillhub/api/internal/email/sender.go:20.26,26.16 5 0
github.com/skillhub/api/internal/email/sender.go:26.16,28.3 1 0
github.com/skillhub/api/internal/email/sender.go:30.2,36.3 1 0
github.com/skillhub/api/internal/email/sender.go:40.35,42.2 1 0
github.com/skillhub/api/internal/email/sender.go:45.73,46.16 1 0
github.com/skillhub/api/internal/email/sender.go:46.16,48.3 1 0
github.com/skillhub/api/internal/email/sender.go:50.2,67.69 6 0
github.com/skillhub/api/internal/credibility/analyzer.go:17.48,19.2 1 0
github.com/skillhub/api/internal/credibility/analyzer.go:23.89,27.32 2 0
github.com/skillhub/api/internal/credibility/analyzer.go:27.32,28.35 1 0
github.com/skillhub/api/internal/credibility/analyzer.go:28.35,31.4 1 0
github.com/skillhub/api/internal/credibility/analyzer.go:31.9,31.42 1 0
github.com/skillhub/api/internal/credibility/analyzer.go:31.42,33.4 1 0
github.com/skillhub/api/internal/credibility/analyzer.go:33.9,33.45 1 0
github.com/skillhub/api/internal/credibility/analyzer.go:33.45,36.4 1 0
github.com/skillhub/api/internal/credibility/analyzer.go:37.8,40.3 1 0
github.com/skillhub/api/internal/credibility/analyzer.go:43.2,43.35 1 0
github.com/skillhub/api/internal/credibility/analyzer.go:43.35,45.71 2 0
github.com/skillhub/api/internal/credibility/analyzer.go:45.71,47.22 1 0
github.com/skillhub/api/internal/credibility/analyzer.go:47.22,49.5 1 0
github.com/skillhub/api/internal/credibility/analyzer.go:49.10,49.29 1 0
github.com/skillhub/api/internal/credibility/analyzer.go:49.29,51.5 1 0
github.com/skillhub/api/internal/credibility/analyzer.go:53.8,55.3 1 0
github.com/skillhub/api/internal/credibility/analyzer.go:58.2,58.64 1 0
github.com/skillhub/api/internal/credibility/analyzer.go:58.64,59.63 1 0
github.com/skillhub/api/internal/credibility/analyzer.go:59.63,61.4 1 0
github.com/skillhub/api/internal/credibility/analyzer.go:61.9,63.4 1 0
github.com/skillhub/api/internal/credibility/analyzer.go:67.2,68.30 2 0
github.com/skillhub/api/internal/credibility/analyzer.go:68.30,70.3 1 0
github.com/skillhub/api/internal/credibility/analyzer.go:73.2,73.22 1 0
github.com/skillhub/api/internal/credibility/analyzer.go:73.22,75.3 1 0
github.com/skillhub/api/internal/credibility/analyzer.go:76.2,76.22 1 0
github.com/skillhub/api/internal/credibility/analyzer.go:76.22,78.3 1 0
github.com/skillhub/api/internal/credibility/analyzer.go:80.2,80.19 1 0
github.com/skillhub/api/internal/credibility/analyzer.go:84.96,92.22 4 0
github.com/skillhub/api/internal/credibility/analyzer.go:92.22,94.3 1 0
github.com/skillhub/api/internal/credibility/analyzer.go:97.2,101.39 3 0
github.com/skillhub/api/internal/credibility/analyzer.go:101.39,103.3 1 0
github.com/skillhub/api/internal/credibility/analyzer.go:106.2,110.24 3 0
github.com/skillhub/api/internal/credibility/analyzer.go:110.24,112.3 1 0
github.com/skillhub/api/internal/credibility/analyzer.go:115.2,120.44 3 0
github.com/skillhub/api/internal/credibility/analyzer.go:120.44,122.3 1 0
github.com/skillhub/api/internal/credibility/analyzer.go:124.2,124.14 1 0
github.com/skillhub/api/internal/credibility/analyzer.go:128.126,141.2 2 0
github.com/skillhub/api/internal/credibility/analyzer.go:145.94,151.16 3 0
github.com/skillhub/api/internal/credibility/analyzer.go:151.16,153.3 1 0
github.com/skillhub/api/internal/credibility/analyzer.go:156.2,164.22 4 0
github.com/skillhub/api/internal/credibility/analyzer.go:164.22,166.3 1 0
github.com/skillhub/api/internal/credibility/analyzer.go:169.2,170.21 2 0
github.com/skillhub/api/internal/credibility/analyzer.go:170.21,172.3 1 0
github.com/skillhub/api/internal/credibility/analyzer.go:172.8,172.29 1 0
github.com/skillhub/api/internal/credibility/analyzer.go:172.29,174.3 1 0
github.com/skillhub/api/internal/credibility/analyzer.go:177.2,184.25 4 0
github.com/skillhub/api/internal/credibility/analyzer.go:184.25,186.3 1 0
github.com/skillhub/api/internal/credibility/analyzer.go:188.2,191.23 2 0
github.com/skillhub/api/internal/credibility/analyzer.go:191.23,193.3 1 0
github.com/skillhub/api/internal/credibility/analyzer.go:194.2,194.23 1 0
github.com/skillhub/api/internal/credibility/analyzer.go:194.23,196.3 1 0
github.com/skillhub/api/internal/credibility/analyzer.go:198.2,198.20 1 0
github.com/skillhub/api/internal/usage/tracker.go:16.46,18.2 1 0
github.com/skillhub/api/internal/usage/tracker.go:21.92,29.2 2 0
github.com/skillhub/api/internal/usage/tracker.go:32.64,43.16 2 0
github.com/skillhub/api/internal/usage/tracker.go:43.16,45.3 1 0
github.com/skillhub/api/internal/usage/tracker.go:48.2,57.16 2 0
github.com/skillhub/api/internal/usage/tracker.go:57.16,59.3 1 0
github.com/skillhub/api/internal/usage/tracker.go:62.2,84.16 2 0
github.com/skillhub/api/internal/usage/tracker.go:84.16,86.3 1 0
github.com/skillhub/api/internal/usage/tracker.go:89.2,95.16 2 0
github.com/skillhub/api/internal/usage/tracker.go:95.16,97.3 1 0
github.com/skillhub/api/internal/usage/tracker.go:99.2,99.12 1 0
github.com/skillhub/api/internal/usage/tracker.go:103.93,109.16 3 0
github.com/skillhub/api/internal/usage/tracker.go:109.16,111.3 1 0
github.com/skillhub/api/internal/usage/tracker.go:114.2,120.16 2 0
github.com/skillhub/api/internal/usage/tracker.go:120.16,122.3 1 0
github.com/skillhub/api/internal/usage/tracker.go:123.2,126.18 3 0
github.com/skillhub/api/internal/usage/tracker.go:126.18,134.3 4 0
github.com/skillhub/api/internal/usage/tracker.go:136.2,136.19 1 0
github.com/skillhub/api/scratch/seed_db.go:15.13,17.17 2 0
github.com/skillhub/api/scratch/seed_db.go:17.17,19.3 1 0
github.com/skillhub/api/scratch/seed_db.go:21.2,22.16 2 0
github.com/skillhub/api/scratch/seed_db.go:22.16,24.3 1 0
github.com/skillhub/api/scratch/seed_db.go:25.2,32.16 4 0
github.com/skillhub/api/scratch/seed_db.go:32.16,34.3 1 0
github.com/skillhub/api/scratch/seed_db.go:36.2,38.16 3 0
github.com/skillhub/api/scratch/seed_db.go:38.16,40.3 1 0
github.com/skillhub/api/scratch/seed_db.go:42.2,42.28 1 0
github.com/skillhub/api/scratch/seed_db.go:42.28,43.16 1 0
github.com/skillhub/api/scratch/seed_db.go:43.16,46.18 3 0
github.com/skillhub/api/scratch/seed_db.go:46.18,47.13 1 0
github.com/skillhub/api/scratch/seed_db.go:49.4,51.18 3 0
github.com/skillhub/api/scratch/seed_db.go:51.18,53.13 2 0
github.com/skillhub/api/scratch/seed_db.go:57.4,64.18 3 0
github.com/skillhub/api/scratch/seed_db.go:64.18,66.13 2 0
github.com/skillhub/api/scratch/seed_db.go:70.4,75.18 2 0
github.com/skillhub/api/scratch/seed_db.go:75.18,77.5 1 0
github.com/skillhub/api/scratch/seed_db.go:77.10,79.5 1 0
github.com/skillhub/api/internal/validation/environment.go:16.54,18.2 1 0
github.com/skillhub/api/internal/validation/environment.go:22.147,31.25 2 0
github.com/skillhub/api/internal/validation/environment.go:31.25,33.3 1 0
github.com/skillhub/api/internal/validation/environment.go:36.2,36.34 1 0
github.com/skillhub/api/internal/validation/environment.go:36.34,37.51 1 0
github.com/skillhub/api/internal/validation/environment.go:37.51,42.4 2 0
github.com/skillhub/api/internal/validation/environment.go:46.2,46.42 1 0
github.com/skillhub/api/internal/validation/environment.go:46.42,47.42 1 0
github.com/skillhub/api/internal/validation/environment.go:47.42,49.4 1 0
github.com/skillhub/api/internal/validation/environment.go:53.2,53.43 1 0
github.com/skillhub/api/internal/validation/environment.go:53.43,54.64 1 0
github.com/skillhub/api/internal/validation/environment.go:54.64,56.4 1 0
github.com/skillhub/api/internal/validation/environment.go:60.2,60.40 1 0
github.com/skillhub/api/internal/validation/environment.go:60.40,61.62 1 0
github.com/skillhub/api/internal/validation/environment.go:61.62,63.4 1 0
github.com/skillhub/api/internal/validation/environment.go:67.2,67.100 1 0
github.com/skillhub/api/internal/validation/environment.go:67.100,69.3 1 0
github.com/skillhub/api/internal/validation/environment.go:71.2,71.15 1 0
github.com/skillhub/api/internal/validation/environment.go:74.99,78.2 3 0
github.com/skillhub/api/internal/validation/environment.go:82.42,90.2 1 0
github.com/skillhub/api/internal/validation/environment.go:111.54,113.2 1 0
github.com/skillhub/api/internal/validation/environment.go:116.61,119.30 2 0
github.com/skillhub/api/internal/validation/environment.go:119.30,121.3 1 0
github.com/skillhub/api/internal/validation/environment.go:123.2,123.40 1 0
github.com/skillhub/api/internal/validation/environment.go:123.40,124.26 1 0
github.com/skillhub/api/internal/validation/environment.go:124.26,126.4 1 0
github.com/skillhub/api/internal/validation/environment.go:126.9,128.4 1 0
github.com/skillhub/api/internal/validation/environment.go:131.2,131.37 1 0
github.com/skillhub/api/internal/validation/environment.go:131.37,132.26 1 0
github.com/skillhub/api/internal/validation/environment.go:132.26,134.4 1 0
github.com/skillhub/api/internal/validation/environment.go:134.9,136.4 1 0
github.com/skillhub/api/internal/validation/environment.go:139.2,139.28 1 0
github.com/skillhub/api/internal/validation/environment.go:139.28,141.3 1 0
github.com/skillhub/api/internal/validation/environment.go:143.2,143.41 1 0
github.com/skillhub/api/internal/validation/environment.go:146.49,147.26 1 0
github.com/skillhub/api/internal/validation/environment.go:147.26,148.33 1 0
github.com/skillhub/api/internal/validation/environment.go:148.33,150.4 1 0
github.com/skillhub/api/internal/validation/environment.go:152.2,152.14 1 0
github.com/skillhub/api/web/node_modules/flatted/golang/pkg/flatted/flatted.go:16.68,21.30 4 0
github.com/skillhub/api/web/node_modules/flatted/golang/pkg/flatted/flatted.go:21.30,27.3 5 0
github.com/skillhub/api/web/node_modules/flatted/golang/pkg/flatted/flatted.go:29.2,29.28 1 0
github.com/skillhub/api/web/node_modules/flatted/golang/pkg/flatted/flatted.go:29.28,30.15 1 0
github.com/skillhub/api/web/node_modules/flatted/golang/pkg/flatted/flatted.go:30.15,32.4 1 0
github.com/skillhub/api/web/node_modules/flatted/golang/pkg/flatted/flatted.go:33.3,35.100 3 0
github.com/skillhub/api/web/node_modules/flatted/golang/pkg/flatted/flatted.go:35.100,36.32 1 0
github.com/skillhub/api/web/node_modules/flatted/golang/pkg/flatted/flatted.go:36.32,37.31 1 0
github.com/skillhub/api/web/node_modules/flatted/golang/pkg/flatted/flatted.go:37.31,38.16 1 0
github.com/skillhub/api/web/node_modules/flatted/golang/pkg/flatted/flatted.go:38.16,40.7 1 0
github.com/skillhub/api/web/node_modules/flatted/golang/pkg/flatted/flatted.go:41.11,43.59 2 0
github.com/skillhub/api/web/node_modules/flatted/golang/pkg/flatted/flatted.go:43.59,45.7 1 0
github.com/skillhub/api/web/node_modules/flatted/golang/pkg/flatted/flatted.go:48.4,48.19 1 0
github.com/skillhub/api/web/node_modules/flatted/golang/pkg/flatted/flatted.go:50.3,50.11 1 0
github.com/skillhub/api/web/node_modules/flatted/golang/pkg/flatted/flatted.go:53.2,53.31 1 0
github.com/skillhub/api/web/node_modules/flatted/golang/pkg/flatted/flatted.go:53.31,55.20 2 0
github.com/skillhub/api/web/node_modules/flatted/golang/pkg/flatted/flatted.go:55.20,57.4 1 0
github.com/skillhub/api/web/node_modules/flatted/golang/pkg/flatted/flatted.go:58.3,58.38 1 0
github.com/skillhub/api/web/node_modules/flatted/golang/pkg/flatted/flatted.go:58.38,60.4 1 0
github.com/skillhub/api/web/node_modules/flatted/golang/pkg/flatted/flatted.go:62.3,62.47 1 0
github.com/skillhub/api/web/node_modules/flatted/golang/pkg/flatted/flatted.go:62.47,64.4 1 0
github.com/skillhub/api/web/node_modules/flatted/golang/pkg/flatted/flatted.go:65.3,65.20 1 0
github.com/skillhub/api/web/node_modules/flatted/golang/pkg/flatted/flatted.go:66.37,68.34 2 0
github.com/skillhub/api/web/node_modules/flatted/golang/pkg/flatted/flatted.go:68.34,70.5 1 0
github.com/skillhub/api/web/node_modules/flatted/golang/pkg/flatted/flatted.go:71.4,71.14 1 0
github.com/skillhub/api/web/node_modules/flatted/golang/pkg/flatted/flatted.go:72.20,75.41 3 0
github.com/skillhub/api/web/node_modules/flatted/golang/pkg/flatted/flatted.go:75.41,77.5 1 0
github.com/skillhub/api/web/node_modules/flatted/golang/pkg/flatted/flatted.go:79.4,80.29 2 0
github.com/skillhub/api/web/node_modules/flatted/golang/pkg/flatted/flatted.go:80.29,82.20 2 0
github.com/skillhub/api/web/node_modules/flatted/golang/pkg/flatted/flatted.go:82.20,84.34 2 0
github.com/skillhub/api/web/node_modules/flatted/golang/pkg/flatted/flatted.go:84.34,85.20 1 0
github.com/skillhub/api/web/node_modules/flatted/golang/pkg/flatted/flatted.go:85.20,87.13 2 0
github.com/skillhub/api/web/node_modules/flatted/golang/pkg/flatted/flatted.go:90.6,90.16 1 0
github.com/skillhub/api/web/node_modules/flatted/golang/pkg/flatted/flatted.go:90.16,91.15 1 0
github.com/skillhub/api/web/node_modules/flatted/golang/pkg/flatted/flatted.go:94.5,94.53 1 0
github.com/skillhub/api/web/node_modules/flatted/golang/pkg/flatted/flatted.go:96.4,96.14 1 0
github.com/skillhub/api/web/node_modules/flatted/golang/pkg/flatted/flatted.go:97.23,100.39 3 0
github.com/skillhub/api/web/node_modules/flatted/golang/pkg/flatted/flatted.go:100.39,102.28 2 0
github.com/skillhub/api/web/node_modules/flatted/golang/pkg/flatted/flatted.go:102.28,103.14 1 0
github.com/skillhub/api/web/node_modules/flatted/golang/pkg/flatted/flatted.go:105.5,106.48 2 0
github.com/skillhub/api/web/node_modules/flatted/golang/pkg/flatted/flatted.go:106.48,108.6 1 0
github.com/skillhub/api/web/node_modules/flatted/golang/pkg/flatted/flatted.go:109.5,109.48 1 0
github.com/skillhub/api/web/node_modules/flatted/golang/pkg/flatted/flatted.go:111.4,111.14 1 0
github.com/skillhub/api/web/node_modules/flatted/golang/pkg/flatted/flatted.go:112.11,113.12 1 0
github.com/skillhub/api/web/node_modules/flatted/golang/pkg/flatted/flatted.go:117.2,119.34 3 0
github.com/skillhub/api/web/node_modules/flatted/golang/pkg/flatted/flatted.go:119.34,121.3 1 0
github.com/skillhub/api/web/node_modules/flatted/golang/pkg/flatted/flatted.go:123.2,126.33 4 0
github.com/skillhub/api/web/node_modules/flatted/golang/pkg/flatted/flatted.go:126.33,128.3 1 0
github.com/skillhub/api/web/node_modules/flatted/golang/pkg/flatted/flatted.go:128.8,128.37 1 0
github.com/skillhub/api/web/node_modules/flatted/golang/pkg/flatted/flatted.go:128.37,130.3 1 0
github.com/skillhub/api/web/node_modules/flatted/golang/pkg/flatted/flatted.go:132.2,132.18 1 0
github.com/skillhub/api/web/node_modules/flatted/golang/pkg/flatted/flatted.go:132.18,134.3 1 0
github.com/skillhub/api/web/node_modules/flatted/golang/pkg/flatted/flatted.go:134.8,136.3 1 0
github.com/skillhub/api/web/node_modules/flatted/golang/pkg/flatted/flatted.go:138.2,138.16 1 0
github.com/skillhub/api/web/node_modules/flatted/golang/pkg/flatted/flatted.go:138.16,140.3 1 0
github.com/skillhub/api/web/node_modules/flatted/golang/pkg/flatted/flatted.go:141.2,141.23 1 0
github.com/skillhub/api/web/node_modules/flatted/golang/pkg/flatted/flatted.go:145.79,147.65 2 0
github.com/skillhub/api/web/node_modules/flatted/golang/pkg/flatted/flatted.go:147.65,149.3 1 0
github.com/skillhub/api/web/node_modules/flatted/golang/pkg/flatted/flatted.go:151.2,152.25 2 0
github.com/skillhub/api/web/node_modules/flatted/golang/pkg/flatted/flatted.go:152.25,153.30 1 0
github.com/skillhub/api/web/node_modules/flatted/golang/pkg/flatted/flatted.go:153.30,155.4 1 0
github.com/skillhub/api/web/node_modules/flatted/golang/pkg/flatted/flatted.go:156.3,156.31 1 0
github.com/skillhub/api/web/node_modules/flatted/golang/pkg/flatted/flatted.go:156.31,157.29 1 0
github.com/skillhub/api/web/node_modules/flatted/golang/pkg/flatted/flatted.go:157.29,159.5 1 0
github.com/skillhub/api/web/node_modules/flatted/golang/pkg/flatted/flatted.go:160.4,160.14 1 0
github.com/skillhub/api/web/node_modules/flatted/golang/pkg/flatted/flatted.go:162.3,162.38 1 0
github.com/skillhub/api/web/node_modules/flatted/golang/pkg/flatted/flatted.go:162.38,163.27 1 0
github.com/skillhub/api/web/node_modules/flatted/golang/pkg/flatted/flatted.go:163.27,165.5 1 0
github.com/skillhub/api/web/node_modules/flatted/golang/pkg/flatted/flatted.go:166.4,166.12 1 0
github.com/skillhub/api/web/node_modules/flatted/golang/pkg/flatted/flatted.go:168.3,168.11 1 0
github.com/skillhub/api/web/node_modules/flatted/golang/pkg/flatted/flatted.go:171.2,172.30 2 0
github.com/skillhub/api/web/node_modules/flatted/golang/pkg/flatted/flatted.go:172.30,174.3 1 0
github.com/skillhub/api/web/node_modules/flatted/golang/pkg/flatted/flatted.go:176.2,177.28 2 0
github.com/skillhub/api/web/node_modules/flatted/golang/pkg/flatted/flatted.go:177.28,178.37 1 0
github.com/skillhub/api/web/node_modules/flatted/golang/pkg/flatted/flatted.go:178.37,180.4 1 0
github.com/skillhub/api/web/node_modules/flatted/golang/pkg/flatted/flatted.go:180.9,182.4 1 0
github.com/skillhub/api/web/node_modules/flatted/golang/pkg/flatted/flatted.go:185.2,185.21 1 0
github.com/skillhub/api/web/node_modules/flatted/golang/pkg/flatted/flatted.go:185.21,187.3 1 0
github.com/skillhub/api/web/node_modules/flatted/golang/pkg/flatted/flatted.go:189.2,191.78 3 0
github.com/skillhub/api/web/node_modules/flatted/golang/pkg/flatted/flatted.go:191.78,195.21 4 0
github.com/skillhub/api/web/node_modules/flatted/golang/pkg/flatted/flatted.go:195.21,197.4 1 0
github.com/skillhub/api/web/node_modules/flatted/golang/pkg/flatted/flatted.go:198.3,198.18 1 0
github.com/skillhub/api/web/node_modules/flatted/golang/pkg/flatted/flatted.go:201.2,201.20 1 0
github.com/skillhub/api/web/node_modules/flatted/golang/pkg/flatted/flatted.go:201.20,203.3 1 0
github.com/skillhub/api/web/node_modules/flatted/golang/pkg/flatted/flatted.go:204.2,204.19 1 0
github.com/skillhub/api/web/node_modules/flatted/golang/pkg/flatted/flatted.go:207.75,208.34 1 0
github.com/skillhub/api/web/node_modules/flatted/golang/pkg/flatted/flatted.go:208.34,209.25 1 0
github.com/skillhub/api/web/node_modules/flatted/golang/pkg/flatted/flatted.go:209.25,211.4 1 0
github.com/skillhub/api/web/node_modules/flatted/golang/pkg/flatted/flatted.go:212.8,212.48 1 0
github.com/skillhub/api/web/node_modules/flatted/golang/pkg/flatted/flatted.go:212.48,214.20 2 0
github.com/skillhub/api/web/node_modules/flatted/golang/pkg/flatted/flatted.go:214.20,216.4 1 0
github.com/skillhub/api/web/node_modules/flatted/golang/pkg/flatted/flatted.go:217.3,218.26 2 0
github.com/skillhub/api/web/node_modules/flatted/golang/pkg/flatted/flatted.go:218.26,220.4 1 0
github.com/skillhub/api/web/node_modules/flatted/golang/pkg/flatted/flatted.go:222.2,222.28 1 0
github.com/skillhub/api/web/node_modules/flatted/golang/pkg/flatted/flatted.go:225.61,226.34 1 0
github.com/skillhub/api/web/node_modules/flatted/golang/pkg/flatted/flatted.go:226.34,227.25 1 0
github.com/skillhub/api/web/node_modules/flatted/golang/pkg/flatted/flatted.go:227.25,228.38 1 0
github.com/skillhub/api/web/node_modules/flatted/golang/pkg/flatted/flatted.go:228.38,231.5 2 0
github.com/skillhub/api/web/node_modules/flatted/golang/pkg/flatted/flatted.go:233.3,233.13 1 0
github.com/skillhub/api/web/node_modules/flatted/golang/pkg/flatted/flatted.go:235.2,235.41 1 0
github.com/skillhub/api/web/node_modules/flatted/golang/pkg/flatted/flatted.go:235.41,236.23 1 0
github.com/skillhub/api/web/node_modules/flatted/golang/pkg/flatted/flatted.go:236.23,237.38 1 0
github.com/skillhub/api/web/node_modules/flatted/golang/pkg/flatted/flatted.go:237.38,240.5 2 0
github.com/skillhub/api/web/node_modules/flatted/golang/pkg/flatted/flatted.go:242.3,242.11 1 0
github.com/skillhub/api/web/node_modules/flatted/golang/pkg/flatted/flatted.go:244.2,244.14 1 0
github.com/skillhub/api/web/node_modules/flatted/golang/pkg/flatted/flatted.go:247.60,249.78 2 0
github.com/skillhub/api/web/node_modules/flatted/golang/pkg/flatted/flatted.go:249.78,251.16 2 0
github.com/skillhub/api/web/node_modules/flatted/golang/pkg/flatted/flatted.go:251.16,254.4 2 0
github.com/skillhub/api/web/node_modules/flatted/golang/pkg/flatted/flatted.go:256.2,256.14 1 0
github.com/skillhub/api/web/node_modules/flatted/golang/pkg/flatted/flatted.go:260.37,262.16 2 0
github.com/skillhub/api/web/node_modules/flatted/golang/pkg/flatted/flatted.go:262.16,264.3 1 0
github.com/skillhub/api/web/node_modules/flatted/golang/pkg/flatted/flatted.go:265.2,267.17 3 0
github.com/skillhub/api/web/node_modules/flatted/golang/pkg/flatted/flatted.go:271.39,273.16 2 0
github.com/skillhub/api/web/node_modules/flatted/golang/pkg/flatted/flatted.go:273.16,275.3 1 0
github.com/skillhub/api/web/node_modules/flatted/golang/pkg/flatted/flatted.go:276.2,276.30 1 0
github.com/skillhub/api/internal/handler/access.go:15.101,25.16 6 0
github.com/skillhub/api/internal/handler/access.go:25.16,28.3 2 0
github.com/skillhub/api/internal/handler/access.go:30.2,30.24 1 0
github.com/skillhub/api/internal/handler/access.go:30.24,33.3 2 0
github.com/skillhub/api/internal/handler/access.go:35.2,37.44 2 0
github.com/skillhub/api/internal/handler/access.go:37.44,40.3 2 0
github.com/skillhub/api/internal/handler/access.go:41.2,41.18 1 0
github.com/skillhub/api/internal/handler/access.go:41.18,46.16 3 0
github.com/skillhub/api/internal/handler/access.go:46.16,49.4 2 0
github.com/skillhub/api/internal/handler/access.go:52.2,52.22 1 0
github.com/skillhub/api/internal/handler/admin.go:22.56,27.2 1 0
github.com/skillhub/api/internal/handler/admin.go:30.76,38.16 2 0
github.com/skillhub/api/internal/handler/admin.go:38.16,41.3 2 0
github.com/skillhub/api/internal/handler/admin.go:42.2,45.18 3 0
github.com/skillhub/api/internal/handler/admin.go:45.18,54.3 5 0
github.com/skillhub/api/internal/handler/admin.go:56.2,56.79 1 0
github.com/skillhub/api/internal/handler/admin.go:60.72,62.16 2 0
github.com/skillhub/api/internal/handler/admin.go:62.16,65.3 2 0
github.com/skillhub/api/internal/handler/admin.go:67.2,72.16 4 0
github.com/skillhub/api/internal/handler/admin.go:72.16,75.3 2 0
github.com/skillhub/api/internal/handler/admin.go:77.2,80.78 2 0
github.com/skillhub/api/internal/handler/admin.go:84.71,86.16 2 0
github.com/skillhub/api/internal/handler/admin.go:86.16,89.3 2 0
github.com/skillhub/api/internal/handler/admin.go:91.2,103.78 6 0
github.com/skillhub/api/internal/handler/admin.go:107.76,112.2 3 0
github.com/skillhub/api/internal/handler/admin.go:115.77,119.2 3 0
github.com/skillhub/api/internal/handler/admin.go:122.79,125.2 2 0
github.com/skillhub/api/internal/handler/admin.go:127.44,160.16 4 0
github.com/skillhub/api/internal/handler/admin.go:160.16,162.3 1 0
github.com/skillhub/api/internal/handler/admin.go:167.76,169.16 2 0
github.com/skillhub/api/internal/handler/admin.go:169.16,172.3 2 0
github.com/skillhub/api/internal/handler/admin.go:174.2,178.4 1 0
github.com/skillhub/api/internal/handler/admin.go:183.83,186.16 3 0
github.com/skillhub/api/internal/handler/admin.go:186.16,189.3 2 0
github.com/skillhub/api/internal/handler/admin.go:191.2,192.16 2 0
github.com/skillhub/api/internal/handler/admin.go:192.16,195.3 2 0
github.com/skillhub/api/internal/handler/admin.go:197.2,202.4 1 0
github.com/skillhub/api/internal/handler/auth.go:26.81,28.2 1 0
github.com/skillhub/api/internal/handler/auth.go:31.81,33.20 2 0
github.com/skillhub/api/internal/handler/auth.go:33.20,36.3 2 0
github.com/skillhub/api/internal/handler/auth.go:38.2,47.16 6 0
github.com/skillhub/api/internal/handler/auth.go:47.16,50.3 2 0
github.com/skillhub/api/internal/handler/auth.go:51.2,53.38 2 0
github.com/skillhub/api/internal/handler/auth.go:53.38,57.3 2 0
github.com/skillhub/api/internal/handler/auth.go:59.2,67.58 3 0
github.com/skillhub/api/internal/handler/auth.go:67.58,70.3 2 0
github.com/skillhub/api/internal/handler/auth.go:71.2,71.24 1 0
github.com/skillhub/api/internal/handler/auth.go:71.24,74.3 2 0
github.com/skillhub/api/internal/handler/auth.go:76.2,86.4 2 0
github.com/skillhub/api/internal/handler/auth.go:90.80,92.20 2 0
github.com/skillhub/api/internal/handler/auth.go:92.20,95.3 2 0
github.com/skillhub/api/internal/handler/auth.go:97.2,100.50 2 0
github.com/skillhub/api/internal/handler/auth.go:100.50,103.3 2 0
github.com/skillhub/api/internal/handler/auth.go:105.2,115.16 6 0
github.com/skillhub/api/internal/handler/auth.go:115.16,118.3 2 0
github.com/skillhub/api/internal/handler/auth.go:119.2,121.43 2 0
github.com/skillhub/api/internal/handler/auth.go:121.43,125.3 2 0
github.com/skillhub/api/internal/handler/auth.go:127.2,132.63 3 0
github.com/skillhub/api/internal/handler/auth.go:132.63,135.3 2 0
github.com/skillhub/api/internal/handler/auth.go:137.2,137.29 1 0
github.com/skillhub/api/internal/handler/auth.go:137.29,140.3 2 0
github.com/skillhub/api/internal/handler/auth.go:143.2,146.16 4 0
github.com/skillhub/api/internal/handler/auth.go:146.16,149.3 2 0
github.com/skillhub/api/internal/handler/auth.go:150.2,152.42 2 0
github.com/skillhub/api/internal/handler/auth.go:152.42,156.3 2 0
github.com/skillhub/api/internal/handler/auth.go:158.2,163.58 3 0
github.com/skillhub/api/internal/handler/auth.go:163.58,166.3 2 0
github.com/skillhub/api/internal/handler/auth.go:167.2,167.42 1 0
github.com/skillhub/api/internal/handler/auth.go:167.42,170.3 2 0
github.com/skillhub/api/internal/handler/auth.go:172.2,175.16 4 0
github.com/skillhub/api/internal/handler/auth.go:175.16,179.17 2 0
github.com/skillhub/api/internal/handler/auth.go:179.17,182.4 2 0
github.com/skillhub/api/internal/handler/auth.go:185.2,194.4 5 0
github.com/skillhub/api/internal/handler/auth.go:198.73,203.50 2 0
github.com/skillhub/api/internal/handler/auth.go:203.50,206.3 2 0
github.com/skillhub/api/internal/handler/auth.go:208.2,217.25 4 0
github.com/skillhub/api/internal/handler/auth.go:217.25,218.86 1 0
github.com/skillhub/api/internal/handler/auth.go:218.86,223.4 3 0
github.com/skillhub/api/internal/handler/auth.go:224.8,224.53 1 0
github.com/skillhub/api/internal/handler/auth.go:224.53,226.3 1 0
github.com/skillhub/api/internal/handler/auth.go:227.2,227.43 1 0
github.com/skillhub/api/internal/handler/auth.go:231.75,236.50 2 0
github.com/skillhub/api/internal/handler/auth.go:236.50,239.3 2 0
github.com/skillhub/api/internal/handler/auth.go:241.2,246.16 3 0
github.com/skillhub/api/internal/handler/auth.go:246.16,249.3 2 0
github.com/skillhub/api/internal/handler/auth.go:251.2,255.16 3 0
github.com/skillhub/api/internal/handler/auth.go:255.16,258.3 2 0
github.com/skillhub/api/internal/handler/auth.go:260.2,269.4 5 0
github.com/skillhub/api/internal/handler/bootstrap.go:12.46,14.2 1 0
github.com/skillhub/api/internal/handler/bootstrap.go:18.86,120.2 2 0
github.com/skillhub/api/internal/handler/bootstrap.go:124.83,131.2 1 0
github.com/skillhub/api/internal/handler/fork.go:18.54,20.2 1 0
github.com/skillhub/api/internal/handler/fork.go:23.68,40.16 10 0
github.com/skillhub/api/internal/handler/fork.go:40.16,43.3 2 0
github.com/skillhub/api/internal/handler/fork.go:46.2,46.48 1 0
github.com/skillhub/api/internal/handler/fork.go:46.48,49.3 2 0
github.com/skillhub/api/internal/handler/fork.go:50.2,50.18 1 0
github.com/skillhub/api/internal/handler/fork.go:50.18,55.16 3 0
github.com/skillhub/api/internal/handler/fork.go:55.16,58.4 2 0
github.com/skillhub/api/internal/handler/fork.go:62.2,66.16 3 0
github.com/skillhub/api/internal/handler/fork.go:66.16,69.3 2 0
github.com/skillhub/api/internal/handler/fork.go:72.2,73.16 2 0
github.com/skillhub/api/internal/handler/fork.go:73.16,76.3 2 0
github.com/skillhub/api/internal/handler/fork.go:77.2,84.16 4 0
github.com/skillhub/api/internal/handler/fork.go:84.16,88.3 2 0
github.com/skillhub/api/internal/handler/fork.go:91.2,96.16 3 0
github.com/skillhub/api/internal/handler/fork.go:96.16,99.3 2 0
github.com/skillhub/api/internal/handler/fork.go:102.2,104.47 2 0
github.com/skillhub/api/internal/handler/fork.go:104.47,107.3 2 0
github.com/skillhub/api/internal/handler/fork.go:109.2,114.4 1 0
github.com/skillhub/api/internal/handler/fork.go:118.73,120.9 2 0
github.com/skillhub/api/internal/handler/fork.go:120.9,122.3 1 0
github.com/skillhub/api/internal/handler/fork.go:124.2,129.16 2 0
github.com/skillhub/api/internal/handler/fork.go:129.16,132.3 2 0
github.com/skillhub/api/internal/handler/fork.go:133.2,136.18 3 0
github.com/skillhub/api/internal/handler/fork.go:136.18,147.3 7 0
github.com/skillhub/api/internal/handler/fork.go:149.2,149.77 1 0
github.com/skillhub/api/internal/handler/fork.go:154.75,156.9 2 0
github.com/skillhub/api/internal/handler/fork.go:156.9,158.3 1 0
github.com/skillhub/api/internal/handler/fork.go:161.2,187.4 8 0
github.com/skillhub/api/internal/handler/fork.go:190.101,194.26 3 0
github.com/skillhub/api/internal/handler/fork.go:194.26,204.36 6 0
github.com/skillhub/api/internal/handler/fork.go:204.36,205.9 1 0
github.com/skillhub/api/internal/handler/fork.go:208.3,215.24 2 0
github.com/skillhub/api/internal/handler/fork.go:218.2,218.18 1 0
github.com/skillhub/api/internal/handler/fork.go:221.124,222.23 1 0
github.com/skillhub/api/internal/handler/fork.go:222.23,224.3 1 0
github.com/skillhub/api/internal/handler/fork.go:226.2,231.16 2 0
github.com/skillhub/api/internal/handler/fork.go:231.16,233.3 1 0
github.com/skillhub/api/internal/handler/fork.go:234.2,237.18 3 0
github.com/skillhub/api/internal/handler/fork.go:237.18,255.24 8 0
github.com/skillhub/api/internal/handler/fork.go:255.24,257.4 1 0
github.com/skillhub/api/internal/handler/fork.go:259.3,259.42 1 0
github.com/skillhub/api/internal/handler/fork.go:262.2,262.20 1 0
github.com/skillhub/api/internal/handler/fork.go:267.78,269.9 2 0
github.com/skillhub/api/internal/handler/fork.go:269.9,271.3 1 0
github.com/skillhub/api/internal/handler/fork.go:274.2,283.16 3 0
github.com/skillhub/api/internal/handler/fork.go:283.16,286.3 2 0
github.com/skillhub/api/internal/handler/fork.go:287.2,291.18 4 0
github.com/skillhub/api/internal/handler/fork.go:291.18,311.3 8 0
github.com/skillhub/api/internal/handler/fork.go:313.2,313.81 1 0
github.com/skillhub/api/internal/handler/fork.go:316.92,322.21 4 0
github.com/skillhub/api/internal/handler/fork.go:322.21,326.23 3 0
github.com/skillhub/api/internal/handler/fork.go:326.23,327.12 1 0
github.com/skillhub/api/internal/handler/fork.go:329.3,335.17 4 0
github.com/skillhub/api/internal/handler/fork.go:335.17,336.12 1 0
github.com/skillhub/api/internal/handler/fork.go:339.3,339.19 1 0
github.com/skillhub/api/internal/handler/fork.go:339.19,342.24 3 0
github.com/skillhub/api/internal/handler/fork.go:342.24,344.5 1 0
github.com/skillhub/api/internal/handler/fork.go:346.3,346.15 1 0
github.com/skillhub/api/internal/handler/fork.go:349.2,349.17 1 0
github.com/skillhub/api/internal/handler/namespace.go:17.64,19.2 1 0
github.com/skillhub/api/internal/handler/namespace.go:22.75,27.50 2 0
github.com/skillhub/api/internal/handler/namespace.go:27.50,30.3 2 0
github.com/skillhub/api/internal/handler/namespace.go:31.2,31.23 1 0
github.com/skillhub/api/internal/handler/namespace.go:31.23,34.3 2 0
github.com/skillhub/api/internal/handler/namespace.go:36.2,39.16 3 0
github.com/skillhub/api/internal/handler/namespace.go:39.16,42.3 2 0
github.com/skillhub/api/internal/handler/namespace.go:43.2,48.16 4 0
github.com/skillhub/api/internal/handler/namespace.go:48.16,51.3 2 0
github.com/skillhub/api/internal/handler/namespace.go:54.2,56.16 2 0
github.com/skillhub/api/internal/handler/namespace.go:56.16,59.3 2 0
github.com/skillhub/api/internal/handler/namespace.go:61.2,61.47 1 0
github.com/skillhub/api/internal/handler/namespace.go:61.47,64.3 2 0
github.com/skillhub/api/internal/handler/namespace.go:66.2,68.4 1 0
github.com/skillhub/api/internal/handler/namespace.go:72.72,80.16 6 0
github.com/skillhub/api/internal/handler/namespace.go:80.16,83.3 2 0
github.com/skillhub/api/internal/handler/namespace.go:86.2,93.16 3 0
github.com/skillhub/api/internal/handler/namespace.go:93.16,96.3 2 0
github.com/skillhub/api/internal/handler/namespace.go:97.2,100.18 3 0
github.com/skillhub/api/internal/handler/namespace.go:100.18,108.3 5 0
github.com/skillhub/api/internal/handler/namespace.go:110.2,112.4 1 0
github.com/skillhub/api/internal/handler/namespace.go:116.78,122.50 3 0
github.com/skillhub/api/internal/handler/namespace.go:122.50,125.3 2 0
github.com/skillhub/api/internal/handler/namespace.go:126.2,126.20 1 0
github.com/skillhub/api/internal/handler/namespace.go:126.20,128.3 1 0
github.com/skillhub/api/internal/handler/namespace.go:131.2,134.16 3 0
github.com/skillhub/api/internal/handler/namespace.go:134.16,137.3 2 0
github.com/skillhub/api/internal/handler/namespace.go:139.2,143.41 4 0
github.com/skillhub/api/internal/handler/namespace.go:143.41,146.3 2 0
github.com/skillhub/api/internal/handler/namespace.go:149.2,152.16 3 0
github.com/skillhub/api/internal/handler/namespace.go:152.16,155.3 2 0
github.com/skillhub/api/internal/handler/namespace.go:157.2,160.16 2 0
github.com/skillhub/api/internal/handler/namespace.go:160.16,163.3 2 0
github.com/skillhub/api/internal/handler/namespace.go:165.2,165.75 1 0
github.com/skillhub/api/internal/handler/namespace.go:169.81,173.16 4 0
github.com/skillhub/api/internal/handler/namespace.go:173.16,176.3 2 0
github.com/skillhub/api/internal/handler/namespace.go:178.2,181.16 3 0
github.com/skillhub/api/internal/handler/namespace.go:181.16,184.3 2 0
github.com/skillhub/api/internal/handler/namespace.go:187.2,191.41 4 0
github.com/skillhub/api/internal/handler/namespace.go:191.41,194.3 2 0
github.com/skillhub/api/internal/handler/namespace.go:197.2,200.27 3 0
github.com/skillhub/api/internal/handler/namespace.go:200.27,204.22 3 0
github.com/skillhub/api/internal/handler/namespace.go:204.22,208.4 2 0
github.com/skillhub/api/internal/handler/namespace.go:211.2,212.37 2 0
github.com/skillhub/api/internal/handler/rating.go:20.58,25.2 1 0
github.com/skillhub/api/internal/handler/rating.go:28.72,41.50 2 0
github.com/skillhub/api/internal/handler/rating.go:41.50,44.3 2 0
github.com/skillhub/api/internal/handler/rating.go:46.2,46.37 1 0
github.com/skillhub/api/internal/handler/rating.go:46.37,49.3 2 0
github.com/skillhub/api/internal/handler/rating.go:50.2,50.23 1 0
github.com/skillhub/api/internal/handler/rating.go:50.23,52.3 1 0
github.com/skillhub/api/internal/handler/rating.go:53.2,53.86 1 0
github.com/skillhub/api/internal/handler/rating.go:53.86,56.3 2 0
github.com/skillhub/api/internal/handler/rating.go:59.2,60.9 2 0
github.com/skillhub/api/internal/handler/rating.go:60.9,62.3 1 0
github.com/skillhub/api/internal/handler/rating.go:65.2,69.16 3 0
github.com/skillhub/api/internal/handler/rating.go:69.16,72.3 2 0
github.com/skillhub/api/internal/handler/rating.go:74.2,75.9 2 0
github.com/skillhub/api/internal/handler/rating.go:75.9,78.3 2 0
github.com/skillhub/api/internal/handler/rating.go:81.2,108.16 4 0
github.com/skillhub/api/internal/handler/rating.go:108.16,111.3 2 0
github.com/skillhub/api/internal/handler/rating.go:114.2,125.4 4 0
github.com/skillhub/api/internal/handler/rating.go:128.77,146.15 6 0
github.com/skillhub/api/internal/handler/rating.go:146.15,148.3 1 0
github.com/skillhub/api/internal/handler/rating.go:151.2,155.54 2 0
github.com/skillhub/api/internal/handler/revision.go:27.124,29.2 1 0
github.com/skillhub/api/internal/handler/revision.go:32.72,34.9 2 0
github.com/skillhub/api/internal/handler/revision.go:34.9,36.3 1 0
github.com/skillhub/api/internal/handler/revision.go:38.2,41.16 2 0
github.com/skillhub/api/internal/handler/revision.go:41.16,44.3 2 0
github.com/skillhub/api/internal/handler/revision.go:45.2,48.18 3 0
github.com/skillhub/api/internal/handler/revision.go:48.18,57.3 5 0
github.com/skillhub/api/internal/handler/revision.go:59.2,59.85 1 0
github.com/skillhub/api/internal/handler/revision.go:63.78,67.9 3 0
github.com/skillhub/api/internal/handler/revision.go:67.9,69.3 1 0
github.com/skillhub/api/internal/handler/revision.go:71.2,85.16 8 0
github.com/skillhub/api/internal/handler/revision.go:85.16,88.3 2 0
github.com/skillhub/api/internal/handler/revision.go:90.2,95.4 1 0
github.com/skillhub/api/internal/handler/revision.go:99.74,105.24 4 0
github.com/skillhub/api/internal/handler/revision.go:105.24,108.3 2 0
github.com/skillhub/api/internal/handler/revision.go:110.2,114.50 2 0
github.com/skillhub/api/internal/handler/revision.go:114.50,117.3 2 0
github.com/skillhub/api/internal/handler/revision.go:119.2,120.16 2 0
github.com/skillhub/api/internal/handler/revision.go:120.16,123.3 2 0
github.com/skillhub/api/internal/handler/revision.go:124.2,124.49 1 0
github.com/skillhub/api/internal/handler/revision.go:124.49,127.3 2 0
github.com/skillhub/api/internal/handler/revision.go:129.2,134.16 4 0
github.com/skillhub/api/internal/handler/revision.go:134.16,137.3 2 0
github.com/skillhub/api/internal/handler/revision.go:140.2,140.25 1 0
github.com/skillhub/api/internal/handler/revision.go:140.25,142.29 2 0
github.com/skillhub/api/internal/handler/revision.go:142.29,146.4 2 0
github.com/skillhub/api/internal/handler/revision.go:149.2,151.18 3 0
github.com/skillhub/api/internal/handler/revision.go:151.18,153.3 1 0
github.com/skillhub/api/internal/handler/revision.go:155.2,156.25 2 0
github.com/skillhub/api/internal/handler/revision.go:156.25,158.3 1 0
github.com/skillhub/api/internal/handler/revision.go:160.2,162.63 3 0
github.com/skillhub/api/internal/handler/revision.go:162.63,164.3 1 0
github.com/skillhub/api/internal/handler/revision.go:166.2,167.21 2 0
github.com/skillhub/api/internal/handler/revision.go:167.21,169.3 1 0
github.com/skillhub/api/internal/handler/revision.go:170.2,171.25 2 0
github.com/skillhub/api/internal/handler/revision.go:171.25,173.3 1 0
github.com/skillhub/api/internal/handler/revision.go:175.2,182.16 3 0
github.com/skillhub/api/internal/handler/revision.go:182.16,183.70 1 0
github.com/skillhub/api/internal/handler/revision.go:183.70,187.4 2 0
github.com/skillhub/api/internal/handler/revision.go:188.3,189.9 2 0
github.com/skillhub/api/internal/handler/revision.go:193.2,196.16 2 0
github.com/skillhub/api/internal/handler/revision.go:196.16,199.3 2 0
github.com/skillhub/api/internal/handler/revision.go:201.2,203.4 1 0
github.com/skillhub/api/internal/handler/skill_detail.go:26.68,32.2 1 0
github.com/skillhub/api/internal/handler/skill_detail.go:35.74,40.16 4 0
github.com/skillhub/api/internal/handler/skill_detail.go:40.16,42.3 1 0
github.com/skillhub/api/internal/handler/skill_detail.go:44.2,54.17 6 0
github.com/skillhub/api/internal/handler/skill_detail.go:54.17,61.3 6 0
github.com/skillhub/api/internal/handler/skill_detail.go:63.2,67.44 4 0
github.com/skillhub/api/internal/handler/skill_detail.go:71.78,77.16 5 0
github.com/skillhub/api/internal/handler/skill_detail.go:77.16,79.3 1 0
github.com/skillhub/api/internal/handler/skill_detail.go:81.2,85.28 4 0
github.com/skillhub/api/internal/handler/skill_detail.go:85.28,89.3 2 0
github.com/skillhub/api/internal/handler/skill_detail.go:89.8,93.3 2 0
github.com/skillhub/api/internal/handler/skill_detail.go:95.2,96.17 2 0
github.com/skillhub/api/internal/handler/skill_detail.go:96.17,97.29 1 0
github.com/skillhub/api/internal/handler/skill_detail.go:97.29,99.4 1 0
github.com/skillhub/api/internal/handler/skill_detail.go:99.9,101.4 1 0
github.com/skillhub/api/internal/handler/skill_detail.go:102.3,102.9 1 0
github.com/skillhub/api/internal/handler/skill_detail.go:105.2,108.71 2 0
github.com/skillhub/api/internal/handler/skill_detail.go:108.71,110.3 1 0
github.com/skillhub/api/internal/handler/skill_detail.go:113.2,118.4 3 0
github.com/skillhub/api/internal/handler/skill_detail.go:122.77,127.16 4 0
github.com/skillhub/api/internal/handler/skill_detail.go:127.16,129.3 1 0
github.com/skillhub/api/internal/handler/skill_detail.go:131.2,136.17 4 0
github.com/skillhub/api/internal/handler/skill_detail.go:136.17,139.3 2 0
github.com/skillhub/api/internal/handler/skill_detail.go:141.2,143.4 1 0
github.com/skillhub/api/internal/handler/skill_detail.go:147.78,152.26 4 0
github.com/skillhub/api/internal/handler/skill_detail.go:152.26,155.3 2 0
github.com/skillhub/api/internal/handler/skill_detail.go:157.2,158.16 2 0
github.com/skillhub/api/internal/handler/skill_detail.go:158.16,160.3 1 0
github.com/skillhub/api/internal/handler/skill_detail.go:163.2,170.16 2 0
github.com/skillhub/api/internal/handler/skill_detail.go:170.16,173.3 2 0
github.com/skillhub/api/internal/handler/skill_detail.go:174.2,177.18 3 0
github.com/skillhub/api/internal/handler/skill_detail.go:177.18,191.28 7 0
github.com/skillhub/api/internal/handler/skill_detail.go:191.28,193.4 1 0
github.com/skillhub/api/internal/handler/skill_detail.go:195.3,195.36 1 0
github.com/skillhub/api/internal/handler/skill_detail.go:198.2,200.16 3 0
github.com/skillhub/api/internal/handler/skill_detail.go:200.16,202.3 1 0
github.com/skillhub/api/internal/handler/skill_detail.go:202.8,204.3 1 0
github.com/skillhub/api/internal/handler/skill_detail.go:206.2,211.4 1 0
github.com/skillhub/api/internal/handler/skill_detail.go:214.147,232.16 8 0
github.com/skillhub/api/internal/handler/skill_detail.go:232.16,235.3 2 0
github.com/skillhub/api/internal/handler/skill_detail.go:237.2,237.24 1 0
github.com/skillhub/api/internal/handler/skill_detail.go:237.24,240.3 2 0
github.com/skillhub/api/internal/handler/skill_detail.go:242.2,243.44 2 0
github.com/skillhub/api/internal/handler/skill_detail.go:243.44,246.3 2 0
github.com/skillhub/api/internal/handler/skill_detail.go:247.2,247.18 1 0
github.com/skillhub/api/internal/handler/skill_detail.go:247.18,252.16 3 0
github.com/skillhub/api/internal/handler/skill_detail.go:252.16,255.4 2 0
github.com/skillhub/api/internal/handler/skill_detail.go:258.2,265.8 1 0
github.com/skillhub/api/internal/handler/skill_detail.go:270.90,276.50 4 0
github.com/skillhub/api/internal/handler/skill_detail.go:276.50,279.3 2 0
github.com/skillhub/api/internal/handler/skill_detail.go:281.2,282.16 2 0
github.com/skillhub/api/internal/handler/skill_detail.go:282.16,284.3 1 0
github.com/skillhub/api/internal/handler/skill_detail.go:287.2,291.17 3 0
github.com/skillhub/api/internal/handler/skill_detail.go:291.17,294.3 2 0
github.com/skillhub/api/internal/handler/skill_detail.go:296.2,297.31 2 0
github.com/skillhub/api/internal/handler/skill_detail.go:297.31,298.73 1 0
github.com/skillhub/api/internal/handler/skill_detail.go:298.73,301.4 2 0
github.com/skillhub/api/internal/handler/skill_detail.go:305.2,314.4 2 0
github.com/skillhub/api/internal/handler/skill_detail.go:319.84,324.16 4 0
github.com/skillhub/api/internal/handler/skill_detail.go:324.16,326.3 1 0
github.com/skillhub/api/internal/handler/skill_detail.go:328.2,329.16 2 0
github.com/skillhub/api/internal/handler/skill_detail.go:329.16,332.3 2 0
github.com/skillhub/api/internal/handler/skill_detail.go:334.2,334.44 1 0
github.com/skillhub/api/internal/handler/skill_search.go:19.68,21.2 1 0
github.com/skillhub/api/internal/handler/skill_search.go:36.41,40.29 3 0
github.com/skillhub/api/internal/handler/skill_search.go:40.29,42.47 2 0
github.com/skillhub/api/internal/handler/skill_search.go:42.47,43.31 1 0
github.com/skillhub/api/internal/handler/skill_search.go:43.31,45.5 1 0
github.com/skillhub/api/internal/handler/skill_search.go:49.2,50.29 2 0
github.com/skillhub/api/internal/handler/skill_search.go:50.29,52.3 1 0
github.com/skillhub/api/internal/handler/skill_search.go:53.2,53.15 1 0
github.com/skillhub/api/internal/handler/skill_search.go:57.77,68.30 10 0
github.com/skillhub/api/internal/handler/skill_search.go:68.30,70.3 1 0
github.com/skillhub/api/internal/handler/skill_search.go:71.2,72.16 2 0
github.com/skillhub/api/internal/handler/skill_search.go:72.16,74.3 1 0
github.com/skillhub/api/internal/handler/skill_search.go:76.2,76.16 1 0
github.com/skillhub/api/internal/handler/skill_search.go:76.16,78.3 1 0
github.com/skillhub/api/internal/handler/skill_search.go:81.2,81.37 1 0
github.com/skillhub/api/internal/handler/skill_search.go:81.37,83.3 1 0
github.com/skillhub/api/internal/handler/skill_search.go:86.2,87.42 2 0
github.com/skillhub/api/internal/handler/skill_search.go:87.42,89.3 1 0
github.com/skillhub/api/internal/handler/skill_search.go:92.2,97.14 4 0
github.com/skillhub/api/internal/handler/skill_search.go:98.18,99.35 1 0
github.com/skillhub/api/internal/handler/skill_search.go:100.23,101.32 1 0
github.com/skillhub/api/internal/handler/skill_search.go:102.18,103.35 1 0
github.com/skillhub/api/internal/handler/skill_search.go:104.16,107.98 1 0
github.com/skillhub/api/internal/handler/skill_search.go:111.2,127.17 4 0
github.com/skillhub/api/internal/handler/skill_search.go:127.17,141.3 3 0
github.com/skillhub/api/internal/handler/skill_search.go:143.2,143.21 1 0
github.com/skillhub/api/internal/handler/skill_search.go:143.21,147.3 3 0
github.com/skillhub/api/internal/handler/skill_search.go:149.2,149.15 1 0
github.com/skillhub/api/internal/handler/skill_search.go:149.15,153.3 3 0
github.com/skillhub/api/internal/handler/skill_search.go:155.2,155.19 1 0
github.com/skillhub/api/internal/handler/skill_search.go:155.19,157.3 1 0
github.com/skillhub/api/internal/handler/skill_search.go:160.2,160.23 1 0
github.com/skillhub/api/internal/handler/skill_search.go:160.23,166.3 3 0
github.com/skillhub/api/internal/handler/skill_search.go:166.8,168.3 1 0
github.com/skillhub/api/internal/handler/skill_search.go:170.2,175.16 5 0
github.com/skillhub/api/internal/handler/skill_search.go:175.16,178.3 2 0
github.com/skillhub/api/internal/handler/skill_search.go:179.2,182.18 3 0
github.com/skillhub/api/internal/handler/skill_search.go:182.18,197.17 3 0
github.com/skillhub/api/internal/handler/skill_search.go:197.17,198.12 1 0
github.com/skillhub/api/internal/handler/skill_search.go:201.3,221.41 2 0
github.com/skillhub/api/internal/handler/skill_search.go:221.42,223.4 0 0
github.com/skillhub/api/internal/handler/skill_search.go:225.3,225.33 1 0
github.com/skillhub/api/internal/handler/skill_search.go:229.2,236.4 2 0
github.com/skillhub/api/internal/handler/skill_search.go:239.129,247.17 6 0
github.com/skillhub/api/internal/handler/skill_search.go:247.17,259.3 3 0
github.com/skillhub/api/internal/handler/skill_search.go:261.2,261.21 1 0
github.com/skillhub/api/internal/handler/skill_search.go:261.21,265.3 3 0
github.com/skillhub/api/internal/handler/skill_search.go:267.2,267.15 1 0
github.com/skillhub/api/internal/handler/skill_search.go:267.15,271.3 3 0
github.com/skillhub/api/internal/handler/skill_search.go:273.2,273.19 1 0
github.com/skillhub/api/internal/handler/skill_search.go:273.19,275.3 1 0
github.com/skillhub/api/internal/handler/skill_search.go:277.2,277.23 1 0
github.com/skillhub/api/internal/handler/skill_search.go:277.23,282.3 2 0
github.com/skillhub/api/internal/handler/skill_search.go:282.8,284.3 1 0
github.com/skillhub/api/internal/handler/skill_search.go:286.2,288.14 3 0
github.com/skillhub/api/internal/handler/skill_submit.go:26.130,28.2 1 0
github.com/skillhub/api/internal/handler/skill_submit.go:31.77,36.50 2 0
github.com/skillhub/api/internal/handler/skill_submit.go:36.50,39.3 2 0
github.com/skillhub/api/internal/handler/skill_submit.go:41.2,41.42 1 0
github.com/skillhub/api/internal/handler/skill_submit.go:41.42,44.3 2 0
github.com/skillhub/api/internal/handler/skill_submit.go:47.2,48.16 2 0
github.com/skillhub/api/internal/handler/skill_submit.go:48.16,51.3 2 0
github.com/skillhub/api/internal/handler/skill_submit.go:54.2,54.49 1 0
github.com/skillhub/api/internal/handler/skill_submit.go:54.49,57.3 2 0
github.com/skillhub/api/internal/handler/skill_submit.go:59.2,63.22 4 0
github.com/skillhub/api/internal/handler/skill_submit.go:63.22,65.3 1 0
github.com/skillhub/api/internal/handler/skill_submit.go:66.2,66.78 1 0
github.com/skillhub/api/internal/handler/skill_submit.go:66.78,69.3 2 0
github.com/skillhub/api/internal/handler/skill_submit.go:72.2,77.18 4 0
github.com/skillhub/api/internal/handler/skill_submit.go:77.18,79.3 1 0
github.com/skillhub/api/internal/handler/skill_submit.go:81.2,83.63 3 0
github.com/skillhub/api/internal/handler/skill_submit.go:83.63,85.3 1 0
github.com/skillhub/api/internal/handler/skill_submit.go:87.2,88.16 2 0
github.com/skillhub/api/internal/handler/skill_submit.go:88.16,91.3 2 0
github.com/skillhub/api/internal/handler/skill_submit.go:92.2,95.23 3 0
github.com/skillhub/api/internal/handler/skill_submit.go:95.23,103.26 4 0
github.com/skillhub/api/internal/handler/skill_submit.go:103.26,105.30 2 0
github.com/skillhub/api/internal/handler/skill_submit.go:105.30,109.5 2 0
github.com/skillhub/api/internal/handler/skill_submit.go:111.8,117.17 2 0
github.com/skillhub/api/internal/handler/skill_submit.go:117.17,120.4 2 0
github.com/skillhub/api/internal/handler/skill_submit.go:124.2,125.21 2 0
github.com/skillhub/api/internal/handler/skill_submit.go:125.21,127.3 1 0
github.com/skillhub/api/internal/handler/skill_submit.go:128.2,129.19 2 0
github.com/skillhub/api/internal/handler/skill_submit.go:129.19,131.3 1 0
github.com/skillhub/api/internal/handler/skill_submit.go:133.2,141.16 3 0
github.com/skillhub/api/internal/handler/skill_submit.go:141.16,142.70 1 0
github.com/skillhub/api/internal/handler/skill_submit.go:142.70,146.4 2 0
github.com/skillhub/api/internal/handler/skill_submit.go:147.3,148.9 2 0
github.com/skillhub/api/internal/handler/skill_submit.go:151.2,151.47 1 0
github.com/skillhub/api/internal/handler/skill_submit.go:151.47,154.3 2 0
github.com/skillhub/api/internal/handler/skill_submit.go:157.2,160.16 2 0
github.com/skillhub/api/internal/handler/skill_submit.go:160.16,163.3 2 0
github.com/skillhub/api/internal/handler/skill_submit.go:165.2,170.4 1 0
github.com/skillhub/api/internal/handler/skill_yank.go:16.64,18.2 1 0
github.com/skillhub/api/internal/handler/skill_yank.go:21.73,26.24 4 0
github.com/skillhub/api/internal/handler/skill_yank.go:26.24,29.3 2 0
github.com/skillhub/api/internal/handler/skill_yank.go:31.2,35.43 2 0
github.com/skillhub/api/internal/handler/skill_yank.go:35.43,38.3 2 0
github.com/skillhub/api/internal/handler/skill_yank.go:40.2,40.76 1 0
github.com/skillhub/api/internal/handler/skill_yank.go:44.76,49.24 4 0
github.com/skillhub/api/internal/handler/skill_yank.go:49.24,52.3 2 0
github.com/skillhub/api/internal/handler/skill_yank.go:54.2,57.76 2 0
github.com/skillhub/api/internal/handler/skill_yank.go:57.76,60.3 2 0
github.com/skillhub/api/internal/handler/skill_yank.go:62.2,66.43 2 0
github.com/skillhub/api/internal/handler/skill_yank.go:66.43,69.3 2 0
github.com/skillhub/api/internal/handler/skill_yank.go:71.2,71.76 1 0
github.com/skillhub/api/internal/handler/testing.go:13.56,19.16 4 1
github.com/skillhub/api/internal/handler/testing.go:19.16,21.3 1 0
github.com/skillhub/api/internal/handler/testing.go:23.2,23.56 1 1
github.com/skillhub/api/internal/handler/testing.go:23.56,26.3 2 1
github.com/skillhub/api/internal/handler/testing.go:28.2,28.20 1 0
github.com/skillhub/api/internal/handler/testing.go:28.20,31.3 2 0
github.com/skillhub/api/internal/handler/testing.go:33.2,33.22 1 0
github.com/skillhub/api/internal/handler/testing.go:37.82,46.16 5 0
github.com/skillhub/api/internal/handler/testing.go:46.16,48.3 1 0
github.com/skillhub/api/internal/handler/testing.go:50.2,53.16 2 0
github.com/skillhub/api/internal/handler/testing.go:53.16,55.3 1 0
github.com/skillhub/api/internal/handler/testing.go:57.2,57.22 1 0
github.com/skillhub/api/internal/handler/testing.go:61.94,71.16 5 0
github.com/skillhub/api/internal/handler/testing.go:71.16,73.3 1 0
github.com/skillhub/api/internal/handler/testing.go:75.2,79.16 2 0
github.com/skillhub/api/internal/handler/testing.go:79.16,81.3 1 0
github.com/skillhub/api/internal/handler/testing.go:83.2,83.28 1 0
github.com/skillhub/api/internal/handler/testing.go:87.84,92.2 4 0
github.com/skillhub/api/internal/handler/token.go:18.56,20.2 1 0
github.com/skillhub/api/internal/handler/token.go:23.71,25.16 2 0
github.com/skillhub/api/internal/handler/token.go:25.16,28.3 2 0
github.com/skillhub/api/internal/handler/token.go:30.2,35.16 4 0
github.com/skillhub/api/internal/handler/token.go:35.16,38.3 2 0
github.com/skillhub/api/internal/handler/token.go:40.2,43.4 1 0
github.com/skillhub/api/internal/handler/token.go:47.69,49.17 2 0
github.com/skillhub/api/internal/handler/token.go:49.17,52.3 2 0
github.com/skillhub/api/internal/handler/token.go:54.2,56.16 2 0
github.com/skillhub/api/internal/handler/token.go:56.16,59.3 2 0
github.com/skillhub/api/internal/handler/token.go:60.2,63.18 3 0
github.com/skillhub/api/internal/handler/token.go:63.18,73.3 6 0
github.com/skillhub/api/internal/handler/token.go:74.2,74.19 1 0
github.com/skillhub/api/internal/handler/token.go:74.19,76.3 1 0
github.com/skillhub/api/internal/handler/token.go:78.2,78.45 1 0
github.com/skillhub/api/internal/handler/token.go:82.71,85.16 3 0
github.com/skillhub/api/internal/handler/token.go:85.16,88.3 2 0
github.com/skillhub/api/internal/handler/token.go:90.2,93.43 3 0
github.com/skillhub/api/internal/handler/token.go:93.43,96.3 2 0
github.com/skillhub/api/internal/handler/token.go:98.2,98.37 1 0
github.com/skillhub/api/internal/handler/web.go:11.34,13.2 1 0
github.com/skillhub/api/internal/handler/web.go:16.76,22.59 4 0
github.com/skillhub/api/internal/handler/web.go:22.59,25.3 2 0
github.com/skillhub/api/internal/handler/web.go:25.8,28.3 2 0
github.com/skillhub/api/internal/handler/web.go:30.2,31.16 2 0
github.com/skillhub/api/internal/handler/web.go:31.16,34.3 2 0
github.com/skillhub/api/internal/handler/web.go:36.2,36.17 1 0
github.com/skillhub/api/internal/handler/web.go:40.78,42.16 2 0
github.com/skillhub/api/internal/handler/web.go:42.16,45.3 2 0
github.com/skillhub/api/internal/handler/web.go:46.2,47.17 2 0
github.com/skillhub/api/internal/handler/web.go:51.74,54.2 2 0
github.com/skillhub/api/internal/review/regex_scanner.go:46.44,50.35 3 1
github.com/skillhub/api/internal/review/regex_scanner.go:50.35,54.38 2 1
github.com/skillhub/api/internal/review/regex_scanner.go:54.38,55.12 1 1
github.com/skillhub/api/internal/review/regex_scanner.go:58.3,58.36 1 1
github.com/skillhub/api/internal/review/regex_scanner.go:58.36,59.35 1 1
github.com/skillhub/api/internal/review/regex_scanner.go:59.35,63.26 3 1
github.com/skillhub/api/internal/review/regex_scanner.go:63.26,65.6 1 1
github.com/skillhub/api/internal/review/regex_scanner.go:66.5,70.7 1 1
github.com/skillhub/api/internal/review/regex_scanner.go:75.2,75.15 1 1
github.com/skillhub/api/internal/review/regex_scanner.go:79.47,84.85 1 1
github.com/skillhub/api/internal/review/regex_scanner.go:84.85,86.3 1 1
github.com/skillhub/api/internal/review/regex_scanner.go:89.2,90.21 2 1
github.com/skillhub/api/internal/review/regex_scanner.go:90.21,92.3 1 0
github.com/skillhub/api/internal/review/regex_scanner.go:94.2,97.35 2 1
github.com/skillhub/api/internal/review/regex_scanner.go:97.35,98.35 1 1
github.com/skillhub/api/internal/review/regex_scanner.go:98.35,100.4 1 1
github.com/skillhub/api/internal/review/regex_scanner.go:106.2,106.64 1 1
github.com/skillhub/api/internal/review/regex_scanner.go:106.64,108.40 1 1
github.com/skillhub/api/internal/review/regex_scanner.go:108.40,110.4 1 1
github.com/skillhub/api/internal/review/regex_scanner.go:115.2,115.38 1 1
github.com/skillhub/api/internal/review/regex_scanner.go:115.38,117.3 1 1
github.com/skillhub/api/internal/review/regex_scanner.go:120.2,120.14 1 1
github.com/skillhub/api/internal/review/regex_scanner.go:137.47,141.35 3 1
github.com/skillhub/api/internal/review/regex_scanner.go:141.35,142.39 1 1
github.com/skillhub/api/internal/review/regex_scanner.go:142.39,143.35 1 1
github.com/skillhub/api/internal/review/regex_scanner.go:143.35,149.5 1 1
github.com/skillhub/api/internal/review/regex_scanner.go:153.2,153.15 1 1
github.com/skillhub/api/internal/review/regex_scanner.go:157.54,161.19 3 1
github.com/skillhub/api/internal/review/regex_scanner.go:161.19,163.3 1 1
github.com/skillhub/api/internal/review/regex_scanner.go:165.2,166.42 2 1
github.com/skillhub/api/internal/review/regex_scanner.go:166.42,172.3 1 1
github.com/skillhub/api/internal/review/regex_scanner.go:174.2,174.15 1 1
github.com/skillhub/api/internal/review/reviewer.go:23.85,25.2 1 1
github.com/skillhub/api/internal/review/reviewer.go:35.71,43.16 5 0
github.com/skillhub/api/internal/review/reviewer.go:43.16,46.3 2 0
github.com/skillhub/api/internal/review/reviewer.go:49.2,49.30 1 0
github.com/skillhub/api/internal/review/reviewer.go:49.30,54.3 2 0
github.com/skillhub/api/internal/review/reviewer.go:57.2,66.36 5 0
github.com/skillhub/api/internal/review/reviewer.go:66.36,70.3 3 0
github.com/skillhub/api/internal/review/reviewer.go:72.2,72.29 1 0
github.com/skillhub/api/internal/review/reviewer.go:72.29,77.3 3 0
github.com/skillhub/api/internal/review/reviewer.go:79.2,79.27 1 0
github.com/skillhub/api/internal/review/reviewer.go:79.27,83.3 2 0
github.com/skillhub/api/internal/review/reviewer.go:86.2,86.33 1 0
github.com/skillhub/api/internal/review/reviewer.go:86.33,90.3 3 0
github.com/skillhub/api/internal/review/reviewer.go:93.2,93.57 1 0
github.com/skillhub/api/internal/review/reviewer.go:96.81,133.16 3 0
github.com/skillhub/api/internal/review/reviewer.go:133.16,136.3 2 0
github.com/skillhub/api/internal/review/reviewer.go:138.2,139.62 2 0
github.com/skillhub/api/internal/review/reviewer.go:139.62,142.3 2 0
github.com/skillhub/api/internal/review/reviewer.go:144.2,144.15 1 0
github.com/skillhub/api/internal/review/reviewer.go:147.118,157.26 4 0
github.com/skillhub/api/internal/review/reviewer.go:157.26,163.3 3 0
github.com/skillhub/api/internal/review/reviewer.go:165.2,165.87 1 0
github.com/skillhub/api/internal/review/worker.go:17.36,17.61 1 1
github.com/skillhub/api/internal/review/worker.go:20.52,25.2 1 1
github.com/skillhub/api/internal/review/worker.go:34.56,36.2 1 1
github.com/skillhub/api/internal/review/worker.go:39.87,41.16 2 1
github.com/skillhub/api/internal/review/worker.go:41.16,44.3 2 1
github.com/skillhub/api/internal/review/worker.go:46.2,48.12 3 0
github.com/skillhub/api/internal/security/prompt_injection.go:22.60,26.2 1 1
github.com/skillhub/api/internal/security/prompt_injection.go:29.50,189.2 1 1
github.com/skillhub/api/internal/security/prompt_injection.go:208.74,217.35 3 1
github.com/skillhub/api/internal/security/prompt_injection.go:217.35,218.38 1 1
github.com/skillhub/api/internal/security/prompt_injection.go:218.38,219.41 1 1
github.com/skillhub/api/internal/security/prompt_injection.go:219.41,237.29 6 1
github.com/skillhub/api/internal/security/prompt_injection.go:238.21,239.25 1 1
github.com/skillhub/api/internal/security/prompt_injection.go:240.17,241.25 1 1
github.com/skillhub/api/internal/security/prompt_injection.go:242.19,243.25 1 1
github.com/skillhub/api/internal/security/prompt_injection.go:244.16,245.26 1 0
github.com/skillhub/api/internal/security/prompt_injection.go:252.2,252.24 1 1
github.com/skillhub/api/internal/security/prompt_injection.go:252.24,254.3 1 1
github.com/skillhub/api/internal/security/prompt_injection.go:256.2,256.15 1 1
github.com/skillhub/api/internal/security/prompt_injection.go:260.64,262.15 2 1
github.com/skillhub/api/internal/security/prompt_injection.go:262.15,264.3 1 0
github.com/skillhub/api/internal/security/prompt_injection.go:266.2,267.15 2 1
github.com/skillhub/api/internal/security/prompt_injection.go:267.15,269.3 1 1
github.com/skillhub/api/internal/security/prompt_injection.go:271.2,272.21 2 1
github.com/skillhub/api/internal/security/prompt_injection.go:272.21,274.3 1 1
github.com/skillhub/api/internal/security/prompt_injection.go:276.2,279.15 2 1
github.com/skillhub/api/internal/security/prompt_injection.go:279.15,281.3 1 1
github.com/skillhub/api/internal/security/prompt_injection.go:282.2,282.21 1 1
github.com/skillhub/api/internal/security/prompt_injection.go:282.21,284.3 1 1
github.com/skillhub/api/internal/security/prompt_injection.go:286.2,286.16 1 1
github.com/skillhub/api/internal/security/prompt_injection.go:290.74,306.2 8 1
github.com/skillhub/api/internal/security/prompt_injection.go:309.50,319.2 3 1
github.com/skillhub/api/internal/security/prompt_injection.go:322.49,323.20 1 1
github.com/skillhub/api/internal/security/prompt_injection.go:323.20,325.3 1 1
github.com/skillhub/api/internal/security/prompt_injection.go:325.8,325.27 1 1
github.com/skillhub/api/internal/security/prompt_injection.go:325.27,327.3 1 1
github.com/skillhub/api/internal/security/prompt_injection.go:327.8,327.27 1 1
github.com/skillhub/api/internal/security/prompt_injection.go:327.27,329.3 1 1
github.com/skillhub/api/internal/security/prompt_injection.go:329.8,329.24 1 1
github.com/skillhub/api/internal/security/prompt_injection.go:329.24,331.3 1 1
github.com/skillhub/api/internal/security/prompt_injection.go:332.2,332.15 1 1
